2020-09-26 10:51:31 7924 [Note] Plugin 'FEDERATED' is disabled.
2020-09-26 10:51:31 7924 [Note] InnoDB: Using atomics to ref count buffer pool pages
2020-09-26 10:51:31 7924 [Note] InnoDB: The InnoDB memory heap is disabled
2020-09-26 10:51:31 7924 [Note] InnoDB: Mutexes and rw_locks use Windows interlocked functions
2020-09-26 10:51:31 7924 [Note] InnoDB: Memory barrier is not used
2020-09-26 10:51:31 7924 [Note] InnoDB: Compressed tables use zlib 1.2.3
2020-09-26 10:51:31 7924 [Note] InnoDB: Not using CPU crc32 instructions
2020-09-26 10:51:31 7924 [Note] InnoDB: Initializing buffer pool, size = 128.0M
2020-09-26 10:51:31 7924 [Note] InnoDB: Completed initialization of buffer pool
2020-09-26 10:51:31 7924 [Note] InnoDB: Setting log file C:\Users\V023\Downloads\usbwebserver_v8.6.2\usbwebserver\mysql\data\ib_logfile101 size to 5 MB
2020-09-26 10:51:31 7924 [Note] InnoDB: Setting log file C:\Users\V023\Downloads\usbwebserver_v8.6.2\usbwebserver\mysql\data\ib_logfile1 size to 5 MB
2020-09-26 10:51:31 7924 [Note] InnoDB: Renaming log file C:\Users\V023\Downloads\usbwebserver_v8.6.2\usbwebserver\mysql\data\ib_logfile101 to C:\Users\V023\Downloads\usbwebserver_v8.6.2\usbwebserver\mysql\data\ib_logfile0
2020-09-26 10:51:31 7924 [Warning] InnoDB: New log files created, LSN=1626134
2020-09-26 10:51:31 7924 [Note] InnoDB: Highest supported file format is Barracuda.
2020-09-26 10:51:31 12b8 InnoDB: Error: page 5 log sequence number 1626646
InnoDB: is in the future! Current system log sequence number 1626636.
InnoDB: Your database may be corrupt or you may have copied the InnoDB
InnoDB: tablespace but not the InnoDB log files. See
InnoDB: http://dev.mysql.com/doc/refman/5.6/en/forcing-innodb-recovery.html
InnoDB: for more information.
2020-09-26 10:51:32 7924 [Note] InnoDB: 128 rollback segment(s) are active.
2020-09-26 10:51:32 7924 [Note] InnoDB: Waiting for purge to start
2020-09-26 10:51:32 7924 [Note] InnoDB: 5.6.34 started; log sequence number 1626636
2020-09-26 10:51:32 7924 [Warning] No existing UUID has been found, so we assume that this is the first time that this server has been started. Generating a new UUID: 2601f4d7-0010-11eb-adef-00155da1c42c.
2020-09-26 10:51:32 7924 [Note] Server hostname (bind-address): '*'; port: 3306
2020-09-26 10:51:32 7924 [Note] IPv6 is available.
2020-09-26 10:51:32 7924 [Note]   - '::' resolves to '::';
2020-09-26 10:51:32 7924 [Note] Server socket created on IP: '::'.
2020-09-26 14:44:14 11040 [Note] Plugin 'FEDERATED' is disabled.
2020-09-26 14:44:14 11040 [Note] InnoDB: Using atomics to ref count buffer pool pages
2020-09-26 14:44:14 11040 [Note] InnoDB: The InnoDB memory heap is disabled
2020-09-26 14:44:14 11040 [Note] InnoDB: Mutexes and rw_locks use Windows interlocked functions
2020-09-26 14:44:14 11040 [Note] InnoDB: Memory barrier is not used
2020-09-26 14:44:14 11040 [Note] InnoDB: Compressed tables use zlib 1.2.3
2020-09-26 14:44:14 11040 [Note] InnoDB: Not using CPU crc32 instructions
2020-09-26 14:44:14 11040 [Note] InnoDB: Initializing buffer pool, size = 128.0M
2020-09-26 14:44:14 11040 [Note] InnoDB: Completed initialization of buffer pool
2020-09-26 14:44:14 11040 [Note] InnoDB: Highest supported file format is Barracuda.
2020-09-26 14:44:14 11040 [Note] InnoDB: The log sequence numbers 1626134 and 1626134 in ibdata files do not match the log sequence number 1626646 in the ib_logfiles!
2020-09-26 14:44:14 11040 [Note] InnoDB: Database was not shutdown normally!
2020-09-26 14:44:14 11040 [Note] InnoDB: Starting crash recovery.
2020-09-26 14:44:14 11040 [Note] InnoDB: Reading tablespace information from the .ibd files...
2020-09-26 14:44:14 11040 [Note] InnoDB: Restoring possible half-written data pages 
2020-09-26 14:44:14 11040 [Note] InnoDB: from the doublewrite buffer...
2020-09-26 14:44:15 11040 [Note] InnoDB: 128 rollback segment(s) are active.
2020-09-26 14:44:15 11040 [Note] InnoDB: Waiting for purge to start
2020-09-26 14:44:15 11040 [Note] InnoDB: 5.6.34 started; log sequence number 1626646
2020-09-26 14:44:15 11040 [Note] Server hostname (bind-address): '*'; port: 3306
2020-09-26 14:44:15 11040 [Note] IPv6 is available.
2020-09-26 14:44:15 11040 [Note]   - '::' resolves to '::';
2020-09-26 14:44:15 11040 [Note] Server socket created on IP: '::'.
2020-09-26 14:45:27 3784 [Note] Plugin 'FEDERATED' is disabled.
2020-09-26 14:45:27 3784 [Note] InnoDB: Using atomics to ref count buffer pool pages
2020-09-26 14:45:27 3784 [Note] InnoDB: The InnoDB memory heap is disabled
2020-09-26 14:45:27 3784 [Note] InnoDB: Mutexes and rw_locks use Windows interlocked functions
2020-09-26 14:45:27 3784 [Note] InnoDB: Memory barrier is not used
2020-09-26 14:45:27 3784 [Note] InnoDB: Compressed tables use zlib 1.2.3
2020-09-26 14:45:27 3784 [Note] InnoDB: Not using CPU crc32 instructions
2020-09-26 14:45:27 3784 [Note] InnoDB: Initializing buffer pool, size = 128.0M
2020-09-26 14:45:27 3784 [Note] InnoDB: Completed initialization of buffer pool
2020-09-26 14:45:27 3784 [Note] InnoDB: Highest supported file format is Barracuda.
2020-09-26 14:45:27 3784 [Note] InnoDB: The log sequence numbers 1626134 and 1626134 in ibdata files do not match the log sequence number 1626656 in the ib_logfiles!
2020-09-26 14:45:27 3784 [Note] InnoDB: Database was not shutdown normally!
2020-09-26 14:45:27 3784 [Note] InnoDB: Starting crash recovery.
2020-09-26 14:45:27 3784 [Note] InnoDB: Reading tablespace information from the .ibd files...
2020-09-26 14:45:27 3784 [Note] InnoDB: Restoring possible half-written data pages 
2020-09-26 14:45:27 3784 [Note] InnoDB: from the doublewrite buffer...
2020-09-26 14:45:27 3784 [Note] InnoDB: 128 rollback segment(s) are active.
2020-09-26 14:45:27 3784 [Note] InnoDB: Waiting for purge to start
2020-09-26 14:45:27 3784 [Note] InnoDB: 5.6.34 started; log sequence number 1626656
2020-09-26 14:45:27 3784 [Note] Server hostname (bind-address): '*'; port: 3306
2020-09-26 14:45:27 3784 [Note] IPv6 is available.
2020-09-26 14:45:27 3784 [Note]   - '::' resolves to '::';
2020-09-26 14:45:27 3784 [Note] Server socket created on IP: '::'.
2020-09-26 14:45:44 13444 [Note] Plugin 'FEDERATED' is disabled.
2020-09-26 14:45:44 13444 [Note] InnoDB: Using atomics to ref count buffer pool pages
2020-09-26 14:45:44 13444 [Note] InnoDB: The InnoDB memory heap is disabled
2020-09-26 14:45:44 13444 [Note] InnoDB: Mutexes and rw_locks use Windows interlocked functions
2020-09-26 14:45:44 13444 [Note] InnoDB: Memory barrier is not used
2020-09-26 14:45:44 13444 [Note] InnoDB: Compressed tables use zlib 1.2.3
2020-09-26 14:45:44 13444 [Note] InnoDB: Not using CPU crc32 instructions
2020-09-26 14:45:44 13444 [Note] InnoDB: Initializing buffer pool, size = 128.0M
2020-09-26 14:45:44 13444 [Note] InnoDB: Completed initialization of buffer pool
2020-09-26 14:45:44 13444 [Note] InnoDB: Highest supported file format is Barracuda.
2020-09-26 14:45:44 13444 [Note] InnoDB: The log sequence numbers 1626134 and 1626134 in ibdata files do not match the log sequence number 1626666 in the ib_logfiles!
2020-09-26 14:45:44 13444 [Note] InnoDB: Database was not shutdown normally!
2020-09-26 14:45:44 13444 [Note] InnoDB: Starting crash recovery.
2020-09-26 14:45:44 13444 [Note] InnoDB: Reading tablespace information from the .ibd files...
2020-09-26 14:45:44 13444 [Note] InnoDB: Restoring possible half-written data pages 
2020-09-26 14:45:44 13444 [Note] InnoDB: from the doublewrite buffer...
2020-09-26 14:45:44 13444 [Note] InnoDB: 128 rollback segment(s) are active.
2020-09-26 14:45:44 13444 [Note] InnoDB: Waiting for purge to start
2020-09-26 14:45:44 13444 [Note] InnoDB: 5.6.34 started; log sequence number 1626666
2020-09-26 14:45:44 13444 [Note] Server hostname (bind-address): '*'; port: 3306
2020-09-26 14:45:44 13444 [Note] IPv6 is available.
2020-09-26 14:45:44 13444 [Note]   - '::' resolves to '::';
2020-09-26 14:45:44 13444 [Note] Server socket created on IP: '::'.
2020-09-26 14:48:00 9732 [Note] Plugin 'FEDERATED' is disabled.
2020-09-26 14:48:00 9732 [Note] InnoDB: Using atomics to ref count buffer pool pages
2020-09-26 14:48:00 9732 [Note] InnoDB: The InnoDB memory heap is disabled
2020-09-26 14:48:00 9732 [Note] InnoDB: Mutexes and rw_locks use Windows interlocked functions
2020-09-26 14:48:00 9732 [Note] InnoDB: Memory barrier is not used
2020-09-26 14:48:00 9732 [Note] InnoDB: Compressed tables use zlib 1.2.3
2020-09-26 14:48:00 9732 [Note] InnoDB: Not using CPU crc32 instructions
2020-09-26 14:48:00 9732 [Note] InnoDB: Initializing buffer pool, size = 128.0M
2020-09-26 14:48:00 9732 [Note] InnoDB: Completed initialization of buffer pool
2020-09-26 14:48:00 9732 [Note] InnoDB: Highest supported file format is Barracuda.
2020-09-26 14:48:00 9732 [Note] InnoDB: The log sequence numbers 1626134 and 1626134 in ibdata files do not match the log sequence number 1626676 in the ib_logfiles!
2020-09-26 14:48:00 9732 [Note] InnoDB: Database was not shutdown normally!
2020-09-26 14:48:00 9732 [Note] InnoDB: Starting crash recovery.
2020-09-26 14:48:00 9732 [Note] InnoDB: Reading tablespace information from the .ibd files...
2020-09-26 14:48:00 9732 [Note] InnoDB: Restoring possible half-written data pages 
2020-09-26 14:48:00 9732 [Note] InnoDB: from the doublewrite buffer...
2020-09-26 14:48:00 9732 [Note] InnoDB: 128 rollback segment(s) are active.
2020-09-26 14:48:00 9732 [Note] InnoDB: Waiting for purge to start
2020-09-26 14:48:00 9732 [Note] InnoDB: 5.6.34 started; log sequence number 1626676
2020-09-26 14:48:00 9732 [Note] Server hostname (bind-address): '*'; port: 3306
2020-09-26 14:48:00 9732 [Note] IPv6 is available.
2020-09-26 14:48:00 9732 [Note]   - '::' resolves to '::';
2020-09-26 14:48:00 9732 [Note] Server socket created on IP: '::'.
2020-09-26 14:49:12 7284 [Note] Plugin 'FEDERATED' is disabled.
2020-09-26 14:49:12 7284 [Note] InnoDB: Using atomics to ref count buffer pool pages
2020-09-26 14:49:12 7284 [Note] InnoDB: The InnoDB memory heap is disabled
2020-09-26 14:49:12 7284 [Note] InnoDB: Mutexes and rw_locks use Windows interlocked functions
2020-09-26 14:49:12 7284 [Note] InnoDB: Memory barrier is not used
2020-09-26 14:49:12 7284 [Note] InnoDB: Compressed tables use zlib 1.2.3
2020-09-26 14:49:12 7284 [Note] InnoDB: Not using CPU crc32 instructions
2020-09-26 14:49:12 7284 [Note] InnoDB: Initializing buffer pool, size = 128.0M
2020-09-26 14:49:12 7284 [Note] InnoDB: Completed initialization of buffer pool
2020-09-26 14:49:12 7284 [Note] InnoDB: Highest supported file format is Barracuda.
2020-09-26 14:49:12 7284 [Note] InnoDB: The log sequence numbers 1626134 and 1626134 in ibdata files do not match the log sequence number 1626686 in the ib_logfiles!
2020-09-26 14:49:12 7284 [Note] InnoDB: Database was not shutdown normally!
2020-09-26 14:49:12 7284 [Note] InnoDB: Starting crash recovery.
2020-09-26 14:49:12 7284 [Note] InnoDB: Reading tablespace information from the .ibd files...
2020-09-26 14:49:12 7284 [Note] InnoDB: Restoring possible half-written data pages 
2020-09-26 14:49:12 7284 [Note] InnoDB: from the doublewrite buffer...
2020-09-26 14:49:13 7284 [Note] InnoDB: 128 rollback segment(s) are active.
2020-09-26 14:49:13 7284 [Note] InnoDB: Waiting for purge to start
2020-09-26 14:49:13 7284 [Note] InnoDB: 5.6.34 started; log sequence number 1626686
2020-09-26 14:49:13 7284 [Note] Server hostname (bind-address): '*'; port: 3306
2020-09-26 14:49:13 7284 [Note] IPv6 is available.
2020-09-26 14:49:13 7284 [Note]   - '::' resolves to '::';
2020-09-26 14:49:13 7284 [Note] Server socket created on IP: '::'.
2020-09-26 14:49:28 12648 [Note] Plugin 'FEDERATED' is disabled.
2020-09-26 14:49:28 12648 [Note] InnoDB: Using atomics to ref count buffer pool pages
2020-09-26 14:49:28 12648 [Note] InnoDB: The InnoDB memory heap is disabled
2020-09-26 14:49:28 12648 [Note] InnoDB: Mutexes and rw_locks use Windows interlocked functions
2020-09-26 14:49:28 12648 [Note] InnoDB: Memory barrier is not used
2020-09-26 14:49:28 12648 [Note] InnoDB: Compressed tables use zlib 1.2.3
2020-09-26 14:49:28 12648 [Note] InnoDB: Not using CPU crc32 instructions
2020-09-26 14:49:28 12648 [Note] InnoDB: Initializing buffer pool, size = 128.0M
2020-09-26 14:49:28 12648 [Note] InnoDB: Completed initialization of buffer pool
2020-09-26 14:49:28 12648 [Note] InnoDB: Highest supported file format is Barracuda.
2020-09-26 14:49:28 12648 [Note] InnoDB: The log sequence numbers 1626134 and 1626134 in ibdata files do not match the log sequence number 1626696 in the ib_logfiles!
2020-09-26 14:49:28 12648 [Note] InnoDB: Database was not shutdown normally!
2020-09-26 14:49:28 12648 [Note] InnoDB: Starting crash recovery.
2020-09-26 14:49:28 12648 [Note] InnoDB: Reading tablespace information from the .ibd files...
2020-09-26 14:49:28 12648 [Note] InnoDB: Restoring possible half-written data pages 
2020-09-26 14:49:28 12648 [Note] InnoDB: from the doublewrite buffer...
2020-09-26 14:49:28 12648 [Note] InnoDB: 128 rollback segment(s) are active.
2020-09-26 14:49:28 12648 [Note] InnoDB: Waiting for purge to start
2020-09-26 14:49:28 12648 [Note] InnoDB: 5.6.34 started; log sequence number 1626696
2020-09-26 14:49:28 12648 [Note] Server hostname (bind-address): '*'; port: 3306
2020-09-26 14:49:28 12648 [Note] IPv6 is available.
2020-09-26 14:49:28 12648 [Note]   - '::' resolves to '::';
2020-09-26 14:49:28 12648 [Note] Server socket created on IP: '::'.
2020-09-26 15:17:16 13136 [Note] Plugin 'FEDERATED' is disabled.
2020-09-26 15:17:16 13136 [Note] InnoDB: Using atomics to ref count buffer pool pages
2020-09-26 15:17:16 13136 [Note] InnoDB: The InnoDB memory heap is disabled
2020-09-26 15:17:16 13136 [Note] InnoDB: Mutexes and rw_locks use Windows interlocked functions
2020-09-26 15:17:16 13136 [Note] InnoDB: Memory barrier is not used
2020-09-26 15:17:16 13136 [Note] InnoDB: Compressed tables use zlib 1.2.3
2020-09-26 15:17:16 13136 [Note] InnoDB: Not using CPU crc32 instructions
2020-09-26 15:17:16 13136 [Note] InnoDB: Initializing buffer pool, size = 128.0M
2020-09-26 15:17:16 13136 [Note] InnoDB: Completed initialization of buffer pool
2020-09-26 15:17:16 13136 [Note] InnoDB: Highest supported file format is Barracuda.
2020-09-26 15:17:16 13136 [Note] InnoDB: The log sequence numbers 1626134 and 1626134 in ibdata files do not match the log sequence number 1626706 in the ib_logfiles!
2020-09-26 15:17:16 13136 [Note] InnoDB: Database was not shutdown normally!
2020-09-26 15:17:16 13136 [Note] InnoDB: Starting crash recovery.
2020-09-26 15:17:16 13136 [Note] InnoDB: Reading tablespace information from the .ibd files...
2020-09-26 15:17:16 13136 [Note] InnoDB: Restoring possible half-written data pages 
2020-09-26 15:17:16 13136 [Note] InnoDB: from the doublewrite buffer...
2020-09-26 15:17:16 13136 [Note] InnoDB: 128 rollback segment(s) are active.
2020-09-26 15:17:16 13136 [Note] InnoDB: Waiting for purge to start
2020-09-26 15:17:16 13136 [Note] InnoDB: 5.6.34 started; log sequence number 1626706
2020-09-26 15:17:16 13136 [Note] Server hostname (bind-address): '*'; port: 3306
2020-09-26 15:17:16 13136 [Note] IPv6 is available.
2020-09-26 15:17:16 13136 [Note]   - '::' resolves to '::';
2020-09-26 15:17:16 13136 [Note] Server socket created on IP: '::'.
2020-09-27 07:59:30 6612 [Note] Plugin 'FEDERATED' is disabled.
2020-09-27 07:59:30 6612 [Note] InnoDB: Using atomics to ref count buffer pool pages
2020-09-27 07:59:30 6612 [Note] InnoDB: The InnoDB memory heap is disabled
2020-09-27 07:59:30 6612 [Note] InnoDB: Mutexes and rw_locks use Windows interlocked functions
2020-09-27 07:59:30 6612 [Note] InnoDB: Memory barrier is not used
2020-09-27 07:59:30 6612 [Note] InnoDB: Compressed tables use zlib 1.2.3
2020-09-27 07:59:31 6612 [Note] InnoDB: Not using CPU crc32 instructions
2020-09-27 07:59:31 6612 [Note] InnoDB: Initializing buffer pool, size = 128.0M
2020-09-27 07:59:31 6612 [Note] InnoDB: Completed initialization of buffer pool
2020-09-27 07:59:31 6612 [Note] InnoDB: Highest supported file format is Barracuda.
2020-09-27 07:59:31 6612 [Note] InnoDB: The log sequence numbers 1626134 and 1626134 in ibdata files do not match the log sequence number 1626716 in the ib_logfiles!
2020-09-27 07:59:31 6612 [Note] InnoDB: Database was not shutdown normally!
2020-09-27 07:59:31 6612 [Note] InnoDB: Starting crash recovery.
2020-09-27 07:59:31 6612 [Note] InnoDB: Reading tablespace information from the .ibd files...
2020-09-27 07:59:31 6612 [Note] InnoDB: Restoring possible half-written data pages 
2020-09-27 07:59:31 6612 [Note] InnoDB: from the doublewrite buffer...
2020-09-27 07:59:31 6612 [Note] InnoDB: 128 rollback segment(s) are active.
2020-09-27 07:59:31 6612 [Note] InnoDB: Waiting for purge to start
2020-09-27 07:59:31 6612 [Note] InnoDB: 5.6.34 started; log sequence number 1626716
2020-09-27 07:59:31 6612 [Note] Server hostname (bind-address): '*'; port: 3306
2020-09-27 07:59:31 6612 [Note] IPv6 is available.
2020-09-27 07:59:31 6612 [Note]   - '::' resolves to '::';
2020-09-27 07:59:31 6612 [Note] Server socket created on IP: '::'.
2020-10-18 18:55:49 12508 [Note] Plugin 'FEDERATED' is disabled.
2020-10-18 18:55:49 12508 [Note] InnoDB: Using atomics to ref count buffer pool pages
2020-10-18 18:55:49 12508 [Note] InnoDB: The InnoDB memory heap is disabled
2020-10-18 18:55:49 12508 [Note] InnoDB: Mutexes and rw_locks use Windows interlocked functions
2020-10-18 18:55:49 12508 [Note] InnoDB: Memory barrier is not used
2020-10-18 18:55:49 12508 [Note] InnoDB: Compressed tables use zlib 1.2.3
2020-10-18 18:55:49 12508 [Note] InnoDB: Not using CPU crc32 instructions
2020-10-18 18:55:49 12508 [Note] InnoDB: Initializing buffer pool, size = 128.0M
2020-10-18 18:55:49 12508 [Note] InnoDB: Completed initialization of buffer pool
2020-10-18 18:55:49 12508 [Note] InnoDB: Highest supported file format is Barracuda.
2020-10-18 18:55:49 12508 [Note] InnoDB: The log sequence numbers 1626134 and 1626134 in ibdata files do not match the log sequence number 1626726 in the ib_logfiles!
2020-10-18 18:55:49 12508 [Note] InnoDB: Database was not shutdown normally!
2020-10-18 18:55:49 12508 [Note] InnoDB: Starting crash recovery.
2020-10-18 18:55:49 12508 [Note] InnoDB: Reading tablespace information from the .ibd files...
2020-10-18 18:55:49 12508 [Note] InnoDB: Restoring possible half-written data pages 
2020-10-18 18:55:49 12508 [Note] InnoDB: from the doublewrite buffer...
2020-10-18 18:55:50 12508 [Note] InnoDB: 128 rollback segment(s) are active.
2020-10-18 18:55:50 12508 [Note] InnoDB: Waiting for purge to start
2020-10-18 18:55:50 12508 [Note] InnoDB: 5.6.34 started; log sequence number 1626726
2020-10-18 18:55:50 12508 [Note] Server hostname (bind-address): '*'; port: 3306
2020-10-18 18:55:50 12508 [Note] IPv6 is available.
2020-10-18 18:55:50 12508 [Note]   - '::' resolves to '::';
2020-10-18 18:55:50 12508 [Note] Server socket created on IP: '::'.
2021-07-19 23:46:11 21212 [Note] Plugin 'FEDERATED' is disabled.
2021-07-19 23:46:11 21212 [Note] InnoDB: Using atomics to ref count buffer pool pages
2021-07-19 23:46:11 21212 [Note] InnoDB: The InnoDB memory heap is disabled
2021-07-19 23:46:11 21212 [Note] InnoDB: Mutexes and rw_locks use Windows interlocked functions
2021-07-19 23:46:11 21212 [Note] InnoDB: Memory barrier is not used
2021-07-19 23:46:11 21212 [Note] InnoDB: Compressed tables use zlib 1.2.3
2021-07-19 23:46:11 21212 [Note] InnoDB: Not using CPU crc32 instructions
2021-07-19 23:46:11 21212 [Note] InnoDB: Initializing buffer pool, size = 128.0M
2021-07-19 23:46:11 21212 [Note] InnoDB: Completed initialization of buffer pool
2021-07-19 23:46:11 21212 [Note] InnoDB: Highest supported file format is Barracuda.
2021-07-19 23:46:11 21212 [Note] InnoDB: The log sequence numbers 1626134 and 1626134 in ibdata files do not match the log sequence number 1626736 in the ib_logfiles!
2021-07-19 23:46:11 21212 [Note] InnoDB: Database was not shutdown normally!
2021-07-19 23:46:11 21212 [Note] InnoDB: Starting crash recovery.
2021-07-19 23:46:11 21212 [Note] InnoDB: Reading tablespace information from the .ibd files...
2021-07-19 23:46:11 21212 [Note] InnoDB: Restoring possible half-written data pages 
2021-07-19 23:46:11 21212 [Note] InnoDB: from the doublewrite buffer...
2021-07-19 23:46:11 21212 [Note] InnoDB: 128 rollback segment(s) are active.
2021-07-19 23:46:11 21212 [Note] InnoDB: Waiting for purge to start
2021-07-19 23:46:11 21212 [Note] InnoDB: 5.6.34 started; log sequence number 1626736
2021-07-19 23:46:11 21212 [Note] Server hostname (bind-address): '*'; port: 3306
2021-07-19 23:46:11 21212 [Note] IPv6 is available.
2021-07-19 23:46:11 21212 [Note]   - '::' resolves to '::';
2021-07-19 23:46:11 21212 [Note] Server socket created on IP: '::'.
2021-07-19 23:46:13 21212 [Note] Event Scheduler: Loaded 0 events
2021-07-19 23:46:13 21212 [Note] C:\Workspace_Products\nMorph - Framework\1. DEV\nMorph\2_logic\servers\server.php/mysql/bin/mysqld_usbwv8.exe: ready for connections.
Version: '5.6.34'  socket: ''  port: 3306  MySQL Community Server (GPL)
2021-08-04 11:53:59 152 [Note] Plugin 'FEDERATED' is disabled.
2021-08-04 11:53:59 152 [Note] InnoDB: Using atomics to ref count buffer pool pages
2021-08-04 11:53:59 152 [Note] InnoDB: The InnoDB memory heap is disabled
2021-08-04 11:53:59 152 [Note] InnoDB: Mutexes and rw_locks use Windows interlocked functions
2021-08-04 11:53:59 152 [Note] InnoDB: Memory barrier is not used
2021-08-04 11:53:59 152 [Note] InnoDB: Compressed tables use zlib 1.2.3
2021-08-04 11:53:59 152 [Note] InnoDB: Not using CPU crc32 instructions
2021-08-04 11:53:59 152 [Note] InnoDB: Initializing buffer pool, size = 128.0M
2021-08-04 11:53:59 152 [Note] InnoDB: Completed initialization of buffer pool
2021-08-04 11:53:59 152 [Note] InnoDB: Highest supported file format is Barracuda.
2021-08-04 11:53:59 152 [Note] InnoDB: The log sequence numbers 1626134 and 1626134 in ibdata files do not match the log sequence number 1626746 in the ib_logfiles!
2021-08-04 11:53:59 152 [Note] InnoDB: Database was not shutdown normally!
2021-08-04 11:53:59 152 [Note] InnoDB: Starting crash recovery.
2021-08-04 11:53:59 152 [Note] InnoDB: Reading tablespace information from the .ibd files...
2021-08-04 11:53:59 152 [Note] InnoDB: Restoring possible half-written data pages 
2021-08-04 11:53:59 152 [Note] InnoDB: from the doublewrite buffer...
2021-08-04 11:53:59 152 [Note] InnoDB: 128 rollback segment(s) are active.
2021-08-04 11:53:59 152 [Note] InnoDB: Waiting for purge to start
2021-08-04 11:54:00 152 [Note] InnoDB: 5.6.34 started; log sequence number 1626746
2021-08-04 11:54:00 152 [Note] Server hostname (bind-address): '*'; port: 3306
2021-08-04 11:54:00 152 [Note] IPv6 is available.
2021-08-04 11:54:00 152 [Note]   - '::' resolves to '::';
2021-08-04 11:54:00 152 [Note] Server socket created on IP: '::'.
2022-03-01 10:02:14 27720 [Note] Plugin 'FEDERATED' is disabled.
2022-03-01 10:02:14 27720 [Note] InnoDB: Using atomics to ref count buffer pool pages
2022-03-01 10:02:14 27720 [Note] InnoDB: The InnoDB memory heap is disabled
2022-03-01 10:02:14 27720 [Note] InnoDB: Mutexes and rw_locks use Windows interlocked functions
2022-03-01 10:02:14 27720 [Note] InnoDB: Memory barrier is not used
2022-03-01 10:02:14 27720 [Note] InnoDB: Compressed tables use zlib 1.2.3
2022-03-01 10:02:14 27720 [Note] InnoDB: Not using CPU crc32 instructions
2022-03-01 10:02:14 27720 [Note] InnoDB: Initializing buffer pool, size = 128.0M
2022-03-01 10:02:14 27720 [Note] InnoDB: Completed initialization of buffer pool
2022-03-01 10:02:14 27720 [Note] InnoDB: Highest supported file format is Barracuda.
2022-03-01 10:02:14 27720 [Note] InnoDB: The log sequence numbers 1626134 and 1626134 in ibdata files do not match the log sequence number 1626756 in the ib_logfiles!
2022-03-01 10:02:14 27720 [Note] InnoDB: Database was not shutdown normally!
2022-03-01 10:02:14 27720 [Note] InnoDB: Starting crash recovery.
2022-03-01 10:02:14 27720 [Note] InnoDB: Reading tablespace information from the .ibd files...
2022-03-01 10:02:14 27720 [Note] InnoDB: Restoring possible half-written data pages 
2022-03-01 10:02:14 27720 [Note] InnoDB: from the doublewrite buffer...
2022-03-01 10:02:15 27720 [Note] InnoDB: 128 rollback segment(s) are active.
2022-03-01 10:02:15 27720 [Note] InnoDB: Waiting for purge to start
2022-03-01 10:02:15 27720 [Note] InnoDB: 5.6.34 started; log sequence number 1626756
2022-03-01 10:02:15 27720 [Note] Server hostname (bind-address): '*'; port: 3306
2022-03-01 10:02:15 27720 [Note] IPv6 is available.
2022-03-01 10:02:15 27720 [Note]   - '::' resolves to '::';
2022-03-01 10:02:15 27720 [Note] Server socket created on IP: '::'.
2022-03-01 10:02:16 27720 [Note] Event Scheduler: Loaded 0 events
2022-03-01 10:02:16 27720 [Note] E:\Workspace\MIMALL_CORE\1. DEV\nMorph\2_logic\servers\server.php/mysql/bin/mysqld_usbwv8.exe: ready for connections.
Version: '5.6.34'  socket: ''  port: 3306  MySQL Community Server (GPL)
2022-03-01 10:48:46 20404 [Note] Plugin 'FEDERATED' is disabled.
2022-03-01 10:48:46 20404 [Note] InnoDB: Using atomics to ref count buffer pool pages
2022-03-01 10:48:46 20404 [Note] InnoDB: The InnoDB memory heap is disabled
2022-03-01 10:48:46 20404 [Note] InnoDB: Mutexes and rw_locks use Windows interlocked functions
2022-03-01 10:48:46 20404 [Note] InnoDB: Memory barrier is not used
2022-03-01 10:48:46 20404 [Note] InnoDB: Compressed tables use zlib 1.2.3
2022-03-01 10:48:46 20404 [Note] InnoDB: Not using CPU crc32 instructions
2022-03-01 10:48:46 20404 [Note] InnoDB: Initializing buffer pool, size = 128.0M
2022-03-01 10:48:46 20404 [Note] InnoDB: Completed initialization of buffer pool
2022-03-01 10:48:46 20404 [Note] InnoDB: Highest supported file format is Barracuda.
2022-03-01 10:48:46 20404 [Note] InnoDB: The log sequence numbers 1626134 and 1626134 in ibdata files do not match the log sequence number 1626766 in the ib_logfiles!
2022-03-01 10:48:46 20404 [Note] InnoDB: Database was not shutdown normally!
2022-03-01 10:48:46 20404 [Note] InnoDB: Starting crash recovery.
2022-03-01 10:48:46 20404 [Note] InnoDB: Reading tablespace information from the .ibd files...
2022-03-01 10:48:46 20404 [Note] InnoDB: Restoring possible half-written data pages 
2022-03-01 10:48:46 20404 [Note] InnoDB: from the doublewrite buffer...
2022-03-01 10:48:46 20404 [Note] InnoDB: 128 rollback segment(s) are active.
2022-03-01 10:48:46 20404 [Note] InnoDB: Waiting for purge to start
2022-03-01 10:48:46 20404 [Note] InnoDB: 5.6.34 started; log sequence number 1626766
2022-03-01 10:48:46 20404 [Note] Server hostname (bind-address): '*'; port: 3306
2022-03-01 10:48:46 20404 [Note] IPv6 is available.
2022-03-01 10:48:46 20404 [Note]   - '::' resolves to '::';
2022-03-01 10:48:46 20404 [Note] Server socket created on IP: '::'.
2022-03-01 11:16:12 28920 [Note] Plugin 'FEDERATED' is disabled.
2022-03-01 11:16:12 28920 [Note] InnoDB: Using atomics to ref count buffer pool pages
2022-03-01 11:16:12 28920 [Note] InnoDB: The InnoDB memory heap is disabled
2022-03-01 11:16:12 28920 [Note] InnoDB: Mutexes and rw_locks use Windows interlocked functions
2022-03-01 11:16:12 28920 [Note] InnoDB: Memory barrier is not used
2022-03-01 11:16:12 28920 [Note] InnoDB: Compressed tables use zlib 1.2.3
2022-03-01 11:16:12 28920 [Note] InnoDB: Not using CPU crc32 instructions
2022-03-01 11:16:12 28920 [Note] InnoDB: Initializing buffer pool, size = 128.0M
2022-03-01 11:16:12 28920 [Note] InnoDB: Completed initialization of buffer pool
2022-03-01 11:16:12 28920 [Note] InnoDB: Highest supported file format is Barracuda.
2022-03-01 11:16:12 28920 [Note] InnoDB: The log sequence numbers 1626134 and 1626134 in ibdata files do not match the log sequence number 1626776 in the ib_logfiles!
2022-03-01 11:16:12 28920 [Note] InnoDB: Database was not shutdown normally!
2022-03-01 11:16:12 28920 [Note] InnoDB: Starting crash recovery.
2022-03-01 11:16:12 28920 [Note] InnoDB: Reading tablespace information from the .ibd files...
2022-03-01 11:16:12 28920 [Note] InnoDB: Restoring possible half-written data pages 
2022-03-01 11:16:12 28920 [Note] InnoDB: from the doublewrite buffer...
2022-03-01 11:16:12 28920 [Note] InnoDB: 128 rollback segment(s) are active.
2022-03-01 11:16:12 28920 [Note] InnoDB: Waiting for purge to start
2022-03-01 11:16:12 28920 [Note] InnoDB: 5.6.34 started; log sequence number 1626776
2022-03-01 11:16:12 28920 [Note] Server hostname (bind-address): '*'; port: 3306
2022-03-01 11:16:12 28920 [Note] IPv6 is available.
2022-03-01 11:16:12 28920 [Note]   - '::' resolves to '::';
2022-03-01 11:16:12 28920 [Note] Server socket created on IP: '::'.
2022-03-01 11:18:43 26972 [Note] Plugin 'FEDERATED' is disabled.
2022-03-01 11:18:43 26972 [Note] InnoDB: Using atomics to ref count buffer pool pages
2022-03-01 11:18:43 26972 [Note] InnoDB: The InnoDB memory heap is disabled
2022-03-01 11:18:43 26972 [Note] InnoDB: Mutexes and rw_locks use Windows interlocked functions
2022-03-01 11:18:43 26972 [Note] InnoDB: Memory barrier is not used
2022-03-01 11:18:43 26972 [Note] InnoDB: Compressed tables use zlib 1.2.3
2022-03-01 11:18:43 26972 [Note] InnoDB: Not using CPU crc32 instructions
2022-03-01 11:18:43 26972 [Note] InnoDB: Initializing buffer pool, size = 128.0M
2022-03-01 11:18:43 26972 [Note] InnoDB: Completed initialization of buffer pool
2022-03-01 11:18:43 26972 [Note] InnoDB: Highest supported file format is Barracuda.
2022-03-01 11:18:43 26972 [Note] InnoDB: The log sequence numbers 1626134 and 1626134 in ibdata files do not match the log sequence number 1626786 in the ib_logfiles!
2022-03-01 11:18:43 26972 [Note] InnoDB: Database was not shutdown normally!
2022-03-01 11:18:43 26972 [Note] InnoDB: Starting crash recovery.
2022-03-01 11:18:43 26972 [Note] InnoDB: Reading tablespace information from the .ibd files...
2022-03-01 11:18:43 26972 [Note] InnoDB: Restoring possible half-written data pages 
2022-03-01 11:18:43 26972 [Note] InnoDB: from the doublewrite buffer...
2022-03-01 11:18:43 26972 [Note] InnoDB: 128 rollback segment(s) are active.
2022-03-01 11:18:43 26972 [Note] InnoDB: Waiting for purge to start
2022-03-01 11:18:43 26972 [Note] InnoDB: 5.6.34 started; log sequence number 1626786
2022-03-01 11:18:43 26972 [Note] Server hostname (bind-address): '*'; port: 3306
2022-03-01 11:18:43 26972 [Note] IPv6 is available.
2022-03-01 11:18:43 26972 [Note]   - '::' resolves to '::';
2022-03-01 11:18:43 26972 [Note] Server socket created on IP: '::'.
